[Wed May 15 13:55:05 2024] New connection from 127.0.0.1.
[Wed May 15 13:55:05 2024] /index.html 200 Ok
[Wed May 15 13:55:05 2024] New connection from 127.0.0.1.
[Wed May 15 13:55:05 2024] /styles.css 200 Ok
[Wed May 15 13:55:05 2024] New connection from 127.0.0.1.
[Wed May 15 13:56:20 2024] Unexpected disconnect from 127.0.0.1.
[Wed May 15 14:00:56 2024] New connection from 127.0.0.1.
[Wed May 15 14:00:56 2024] /index.html 200 Ok
[Wed May 15 14:00:56 2024] New connection from 127.0.0.1.
[Wed May 15 14:00:56 2024] /styles.css 200 Ok
[Wed May 15 14:00:56 2024] New connection from 127.0.0.1.
[Wed May 15 14:00:57 2024] UNDETERMINED 400 Bad Request
[Wed May 15 14:01:35 2024] New connection from 127.0.0.1.
[Wed May 15 14:01:35 2024] UNDETERMINED 400 Bad Request
[Wed May 15 14:01:35 2024] New connection from 127.0.0.1.
[Wed May 15 14:01:36 2024] New connection from 127.0.0.1.
[Wed May 15 14:01:36 2024] UNDETERMINED 400 Bad Request
[Wed May 15 14:01:36 2024] UNDETERMINED 400 Bad Request
[Wed May 15 14:01:36 2024] New connection from 127.0.0.1.
[Wed May 15 14:01:37 2024] New connection from 127.0.0.1.
[Wed May 15 14:01:37 2024] UNDETERMINED 400 Bad Request
[Wed May 15 14:01:37 2024] UNDETERMINED 400 Bad Request
[Wed May 15 14:01:37 2024] New connection from 127.0.0.1.
[Wed May 15 14:01:39 2024] /index.html 200 Ok
[Wed May 15 14:01:40 2024] New connection from 127.0.0.1.
[Wed May 15 14:01:40 2024] /styles.css 200 Ok
[Wed May 15 14:01:40 2024] New connection from 127.0.0.1.
[Wed May 15 14:01:40 2024] /index.html 200 Ok
[Wed May 15 14:01:40 2024] New connection from 127.0.0.1.
[Wed May 15 14:01:40 2024] /styles.css 200 Ok
[Wed May 15 14:01:40 2024] New connection from 127.0.0.1.
[Wed May 15 14:04:35 2024] New connection from 127.0.0.1.
[Wed May 15 14:04:35 2024] /index.html 200 Ok
[Wed May 15 14:04:35 2024] New connection from 127.0.0.1.
[Wed May 15 14:04:35 2024] /styles.css 200 Ok
[Wed May 15 14:04:35 2024] New connection from 127.0.0.1.
[Wed May 15 14:04:41 2024] UNDETERMINED 400 Bad Request
[Wed May 15 14:05:00 2024] New connection from 127.0.0.1.
[Wed May 15 14:05:00 2024] UNDETERMINED 400 Bad Request
[Wed May 15 14:05:00 2024] New connection from 127.0.0.1.
[Wed May 15 14:08:19 2024] Unexpected disconnect from 127.0.0.1.
[Wed May 15 14:15:31 2024] New connection from 127.0.0.1.
[Wed May 15 14:15:31 2024] /index.html 200 Ok
[Wed May 15 14:15:41 2024] New connection from 127.0.0.1.
[Wed May 15 14:15:41 2024] /index.html 200 Ok
[Wed May 15 14:15:55 2024] New connection from 127.0.0.1.
[Wed May 15 14:15:55 2024] /helpers.h 404 Not Found
[Wed May 15 14:16:11 2024] New connection from 127.0.0.1.
[Wed May 15 14:16:11 2024] /helpers.h 404 Not Found
[Wed May 15 14:16:43 2024] New connection from 127.0.0.1.
[Wed May 15 14:16:43 2024] /index.html 200 Ok
[Wed May 15 14:18:13 2024] New connection from 127.0.0.1.
[Wed May 15 14:18:13 2024] /index.html 200 Ok
[Wed May 15 14:18:19 2024] New connection from 127.0.0.1.
[Wed May 15 14:18:19 2024] /../../ 404 Not Found
[Wed May 15 14:18:33 2024] New connection from 127.0.0.1.
[Wed May 15 14:18:33 2024] /../helpers.h 404 Not Found
[Wed May 15 14:19:11 2024] New connection from 127.0.0.1.
[Wed May 15 14:19:11 2024] /about.html 200 Ok
[Wed May 15 14:19:27 2024] New connection from 127.0.0.1.
[Wed May 15 14:19:27 2024] /../ 404 Not Found
[Wed May 15 14:19:47 2024] New connection from 127.0.0.1.
[Wed May 15 14:19:47 2024] /..helpers.h 404 Not Found
[Wed May 15 14:19:54 2024] New connection from 127.0.0.1.
[Wed May 15 14:19:54 2024] /../..helpers.h 404 Not Found
[Wed May 15 14:19:57 2024] New connection from 127.0.0.1.
[Wed May 15 14:19:57 2024] /../../helpers.h 404 Not Found
[Wed May 15 14:20:26 2024] New connection from 127.0.0.1.
[Wed May 15 14:20:26 2024] /.../helpers.h 404 Not Found
[Wed May 15 14:22:08 2024] New connection from 127.0.0.1.
[Wed May 15 14:22:08 2024] /../../ 404 Not Found
[Wed May 15 14:22:15 2024] New connection from 127.0.0.1.
[Wed May 15 14:22:15 2024] /../helpers.h 200 Ok
[Wed May 15 14:23:01 2024] New connection from 127.0.0.1.
[Wed May 15 14:23:01 2024] /../helpers.h 404 Not Found
[Wed May 15 14:24:53 2024] bind() failed. (98)
[Wed May 15 14:25:54 2024] New connection from 127.0.0.1.
[Wed May 15 14:25:55 2024] New connection from 127.0.0.1.
[Wed May 15 14:25:55 2024] UNDETERMINED 400 Bad Request
[Wed May 15 14:25:57 2024] /index.html 200 Ok
[Wed May 15 14:25:57 2024] New connection from 127.0.0.1.
[Wed May 15 14:25:57 2024] /styles.css 200 Ok
[Wed May 15 14:25:57 2024] New connection from 127.0.0.1.
[Wed May 15 14:25:59 2024] Unexpected disconnect from 127.0.0.1.
